2023/04/11 11:34:26 [I]                                                                                                ！！当前运行模式为：[ 单机 ] 模式！！
2023/04/11 11:34:43 [W] 本批任务无需填写自定义配置！

2023/04/11 11:34:43 [W]  *     —— 亲，任务列表不能为空哦~
2023/04/11 11:35:04 [I]                                                                                                ！！当前运行模式为：[ 单机 ] 模式！！
2023/04/11 11:35:23 [W] 本批任务无需填写自定义配置！

2023/04/11 11:35:23 [W]  *     —— 亲，任务列表不能为空哦~
2023/04/11 11:36:20 [W]  *     —— 亲，任务列表不能为空哦~
2023/04/11 11:36:22 [W]  *     —— 亲，任务列表不能为空哦~
2023/04/11 11:36:22 [W]  *     —— 亲，任务列表不能为空哦~
2023/04/11 11:36:22 [W]  *     —— 亲，任务列表不能为空哦~
2023/04/11 11:42:09 [I]                                                                                                ！！当前运行模式为：[ 单机 ] 模式！！
2023/04/11 11:42:19 [I]                                                                                                ！！当前运行模式为：[ 客户端 ] 模式！！
2023/04/11 11:42:26 [E] close of nil channel
2023/04/11 11:42:57 [I]                                                                                                ！！当前运行模式为：[ 单机 ] 模式！！
2023/04/11 11:43:03 [I]                                                                                                ！！当前运行模式为：[ 服务器 ] 模式！！
2023/04/11 11:46:03 [I]                                                                                                ！！当前运行模式为：[ 单机 ] 模式！！
2023/04/11 11:46:20 [I]                                                                                                ！！当前运行模式为：[ 单机 ] 模式！！
2023/04/11 11:46:25 [I]  *     不使用代理IP

2023/04/11 11:46:25 [I]  *     执行任务总数(任务数[*自定义配置数])为 1 个

2023/04/11 11:46:25 [I]  *     采集引擎池容量为 1

2023/04/11 11:46:25 [I]  *     并发协程最多 20 个

2023/04/11 11:46:25 [I]  *     默认随机停顿 150~600 毫秒

2023/04/11 11:46:25 [P]  *                                                                                                 —— 开始抓取，请耐心等候 ——
2023/04/11 11:46:25 [I]  *********************************************************************************************************************************** 
2023/04/11 11:46:25 [D]  *     Start: http://xxx.xxx.xxx
2023/04/11 11:46:31 [I]  *     + 失败请求: [http://xxx.xxx.xxx]

2023/04/11 11:46:31 [E]  *     Fail  [download][http://xxx.xxx.xxx]: Get "http://xxx.xxx.xxx": read tcp 10.194.1.245:63765->3.228.26.237:80: read: connection reset by peer

2023/04/11 11:46:31 [I]  *     - 失败请求: [http://xxx.xxx.xxx]

2023/04/11 11:46:31 [D]  *     Start: http://xxx.xxx.xxx
2023/04/11 11:46:38 [E]  *     Fail  [download][http://xxx.xxx.xxx]: Get "http://xxx.xxx.xxx": read tcp 10.194.1.245:63781->3.228.26.237:80: read: connection reset by peer

2023/04/11 11:46:38 [I]  *     [添加失败记录]: 1 条

2023/04/11 11:46:38 [P]  *     [任务小计：HTML动态规则示例 | KEYIN：]   无采集结果，用时 13.177892455s！

2023/04/11 11:46:38 [I]  * 
2023/04/11 11:46:38 [I]  *********************************************************************************************************************************** 
2023/04/11 11:46:38 [I]  * 
2023/04/11 11:46:38 [P]  *                            —— 本次无采集结果，实爬【成功 0 URL + 失败 1 URL = 合计 1 URL】，耗时【13.17790615s】 ——
2023/04/11 11:46:38 [I]  * 
2023/04/11 11:46:38 [I]  *********************************************************************************************************************************** 
2023/04/11 11:48:47 [I]                                                                                                ！！当前运行模式为：[ 客户端 ] 模式！！
2023/04/11 11:48:50 [E] close of nil channel
2023/04/11 11:49:42 [I]                                                                                                ！！当前运行模式为：[ 单机 ] 模式！！
2023/04/11 11:50:38 [I]                                                                                                ！！当前运行模式为：[ 单机 ] 模式！！
